#
# There is insufficient memory for the Java Runtime Environment to continue.
# Native memory allocation (mmap) failed to map 268435456 bytes for G1 virtual space
# Possible reasons:
#   The system is out of physical RAM or swap space
#   The process is running with CompressedOops enabled, and the Java Heap may be blocking the growth of the native heap
# Possible solutions:
#   Reduce memory load on the system
#   Increase physical memory or swap space
#   Check if swap backing store is full
#   Decrease Java heap size (-Xmx/-Xms)
#   Decrease number of Java threads
#   Decrease Java thread stack sizes (-Xss)
#   Set larger code cache with -XX:ReservedCodeCacheSize=
#   JVM is running with Zero Based Compressed Oops mode in which the Java heap is
#     placed in the first 32GB address space. The Java Heap base address is the
#     maximum limit for the native heap growth. Please use -XX:HeapBaseMinAddress
#     to set the Java Heap base and to place the Java Heap above 32GB virtual address.
# This output file may be truncated or incomplete.
#
#  Out of Memory Error (os_windows.cpp:3559), pid=16616, tid=5688
#
# JRE version:  (17.0.7+7) (build )
# Java VM: OpenJDK 64-Bit Server VM (17.0.7+7, mixed mode, emulated-client, sharing, tiered, compressed oops, compressed class ptrs, g1 gc, windows-amd64)
# No core dump will be written. Minidumps are not enabled by default on client versions of Windows
#

---------------  S U M M A R Y ------------

Command Line: -Dcom.sun.management.jmxremote -Dcom.sun.management.jmxremote.port=49181 -Dcom.sun.management.jmxremote.authenticate=false -Dcom.sun.management.jmxremote.ssl=false -Djava.rmi.server.hostname=localhost -Dspring.jmx.enabled=true -Dmanagement.endpoints.jmx.exposure.include=* -Dspring.application.admin.enabled=true -XX:TieredStopAtLevel=1 -Dspring.boot.project.name=PulLanner -Dfile.encoding=UTF-8 -XX:+ShowCodeDetailsInExceptionMessages com.multi.bbs.Application --spring.output.ansi.enabled=always

Host: Intel(R) Core(TM) i5-6600 CPU @ 3.30GHz, 4 cores, 15G,  Windows 10 , 64 bit Build 19041 (10.0.19041.3155)
Time: Fri Jul 28 12:20:38 2023  Windows 10 , 64 bit Build 19041 (10.0.19041.3155) elapsed time: 0.044211 seconds (0d 0h 0m 0s)

---------------  T H R E A D  ---------------

Current thread (0x0000021f6ea8a3b0):  JavaThread "Unknown thread" [_thread_in_vm, id=5688, stack(0x0000005c66a00000,0x0000005c66b00000)]

Stack: [0x0000005c66a00000,0x0000005c66b00000]
Native frames: (J=compiled Java code, j=interpreted, Vv=VM code, C=native code)
V  [jvm.dll+0x67754a]
V  [jvm.dll+0x834304]
V  [jvm.dll+0x835aae]
V  [jvm.dll+0x836113]
V  [jvm.dll+0x24696f]
V  [jvm.dll+0x6743f9]
V  [jvm.dll+0x668c8a]
V  [jvm.dll+0x3061bb]
V  [jvm.dll+0x30d6a6]
V  [jvm.dll+0x35cece]
V  [jvm.dll+0x35d0ff]
V  [jvm.dll+0x2dd048]
V  [jvm.dll+0x2ddfb4]
V  [jvm.dll+0x8066d1]
V  [jvm.dll+0x36ac91]
V  [jvm.dll+0x7e5cec]
V  [jvm.dll+0x3ed56f]
V  [jvm.dll+0x3ef0a1]
C  [jli.dll+0x528b]
C  [ucrtbase.dll+0x21bb2]
C  [KERNEL32.DLL+0x17614]
C  [ntdll.dll+0x526b1]


---------------  P R O C E S S  ---------------

Threads class SMR info:
_java_thread_list=0x00007fffd3597018, length=0, elements={
}

Java Threads: ( => current thread )

Other Threads:
  0x0000021f6eaf89f0 GCTaskThread "GC Thread#0" [stack: 0x0000005c66b00000,0x0000005c66c00000] [id=15956]
  0x0000021f6eb09790 ConcurrentGCThread "G1 Main Marker" [stack: 0x0000005c66c00000,0x0000005c66d00000] [id=16168]
  0x0000021f6eb0a0b0 ConcurrentGCThread "G1 Conc#0" [stack: 0x0000005c66d00000,0x0000005c66e00000] [id=5476]

[error occurred during error reporting (printing all threads), id 0xc0000005, EXCEPTION_ACCESS_VIOLATION (0xc0000005) at pc=0x00007fffd2d6daf7]

VM state: not at safepoint (not fully initialized)

VM Mutex/Monitor currently owned by a thread:  ([mutex/lock_event])
[0x0000021f6ea86a20] Heap_lock - owner thread: 0x0000021f6ea8a3b0

Heap address: 0x0000000700a00000, size: 4086 MB, Compressed Oops mode: Zero based, Oop shift amount: 3

CDS archive(s) mapped at: [0x0000000000000000-0x0000000000000000-0x0000000000000000), size 0, SharedBaseAddress: 0x0000000800000000, ArchiveRelocationMode: 0.
Narrow klass base: 0x0000000000000000, Narrow klass shift: 0, Narrow klass range: 0x0

GC Precious Log:
<Empty>

Heap:
 garbage-first heap   total 0K, used 0K [0x0000000700a00000, 0x0000000800000000)
  region size 2048K, 0 young (0K), 0 survivors (0K)

[error occurred during error reporting (printing heap information), id 0xc0000005, EXCEPTION_ACCESS_VIOLATION (0xc0000005) at pc=0x00007fffd3150db9]

GC Heap History (0 events):
No events

Dll operation events (1 events):
Event: 0.034 Loaded shared library C:\Users\USER\.p2\pool\plugins\org.eclipse.justj.openjdk.hotspot.jre.full.win32.x86_64_17.0.7.v20230425-1502\jre\bin\java.dll

Deoptimization events (0 events):
No events

Classes unloaded (0 events):
No events

Classes redefined (0 events):
No events

Internal exceptions (0 events):
No events

VM Operations (0 events):
No events

Events (0 events):
No events


Dynamic libraries:
0x00007ff749c20000 - 0x00007ff749c2e000 	C:\Users\USER\.p2\pool\plugins\org.eclipse.justj.openjdk.hotspot.jre.full.win32.x86_64_17.0.7.v20230425-1502\jre\bin\javaw.exe
0x00007ff82dc30000 - 0x00007ff82de28000 	C:\Windows\SYSTEM32\ntdll.dll
0x00007ff82da30000 - 0x00007ff82daef000 	C:\Windows\System32\KERNEL32.DLL
0x00007ff82b340000 - 0x00007ff82b636000 	C:\Windows\System32\KERNELBASE.dll
0x00007ff82b780000 - 0x00007ff82b880000 	C:\Windows\System32\ucrtbase.dll
0x00007ff808820000 - 0x00007ff808837000 	C:\Users\USER\.p2\pool\plugins\org.eclipse.justj.openjdk.hotspot.jre.full.win32.x86_64_17.0.7.v20230425-1502\jre\bin\jli.dll
0x00007ff82d310000 - 0x00007ff82d4ad000 	C:\Windows\System32\USER32.dll
0x00007ff82b310000 - 0x00007ff82b332000 	C:\Windows\System32\win32u.dll
0x00007ff82c6a0000 - 0x00007ff82c6cc000 	C:\Windows\System32\GDI32.dll
0x00007ff82bb70000 - 0x00007ff82bc85000 	C:\Windows\System32\gdi32full.dll
0x00007ff82bad0000 - 0x00007ff82bb6d000 	C:\Windows\System32\msvcp_win.dll
0x00007ff826d60000 - 0x00007ff826d79000 	C:\Users\USER\.p2\pool\plugins\org.eclipse.justj.openjdk.hotspot.jre.full.win32.x86_64_17.0.7.v20230425-1502\jre\bin\VCRUNTIME140.dll
0x00007ff81a1b0000 - 0x00007ff81a44a000 	C:\Windows\WinSxS\amd64_microsoft.windows.common-controls_6595b64144ccf1df_6.0.19041.1110_none_60b5254171f9507e\COMCTL32.dll
0x00007ff82db50000 - 0x00007ff82dbee000 	C:\Windows\System32\msvcrt.dll
0x00007ff82bca0000 - 0x00007ff82bcd0000 	C:\Windows\System32\IMM32.DLL
0x00007ff826e10000 - 0x00007ff826e1c000 	C:\Users\USER\.p2\pool\plugins\org.eclipse.justj.openjdk.hotspot.jre.full.win32.x86_64_17.0.7.v20230425-1502\jre\bin\vcruntime140_1.dll
0x00007ffffc260000 - 0x00007ffffc2f1000 	C:\Users\USER\.p2\pool\plugins\org.eclipse.justj.openjdk.hotspot.jre.full.win32.x86_64_17.0.7.v20230425-1502\jre\bin\msvcp140.dll
0x00007fffd2a80000 - 0x00007fffd36c8000 	C:\Users\USER\.p2\pool\plugins\org.eclipse.justj.openjdk.hotspot.jre.full.win32.x86_64_17.0.7.v20230425-1502\jre\bin\server\jvm.dll
0x00007ff82d540000 - 0x00007ff82d5ef000 	C:\Windows\System32\ADVAPI32.dll
0x00007ff82c0d0000 - 0x00007ff82c16c000 	C:\Windows\System32\sechost.dll
0x00007ff82c7e0000 - 0x00007ff82c906000 	C:\Windows\System32\RPCRT4.dll
0x00007ff823710000 - 0x00007ff823719000 	C:\Windows\SYSTEM32\WSOCK32.dll
0x00007ff82c910000 - 0x00007ff82c97b000 	C:\Windows\System32\WS2_32.dll
0x00007ff823870000 - 0x00007ff823897000 	C:\Windows\SYSTEM32\WINMM.dll
0x00007ff8247d0000 - 0x00007ff8247da000 	C:\Windows\SYSTEM32\VERSION.dll
0x00007ff8291e0000 - 0x00007ff8291f2000 	C:\Windows\SYSTEM32\kernel.appcore.dll
0x00007ff81b130000 - 0x00007ff81b13a000 	C:\Users\USER\.p2\pool\plugins\org.eclipse.justj.openjdk.hotspot.jre.full.win32.x86_64_17.0.7.v20230425-1502\jre\bin\jimage.dll
0x00007ff816ec0000 - 0x00007ff8170a4000 	C:\Windows\SYSTEM32\DBGHELP.DLL
0x00007ff816e80000 - 0x00007ff816eb4000 	C:\Windows\SYSTEM32\dbgcore.DLL
0x00007ff82b6f0000 - 0x00007ff82b772000 	C:\Windows\System32\bcryptPrimitives.dll
0x00007ff802150000 - 0x00007ff802175000 	C:\Users\USER\.p2\pool\plugins\org.eclipse.justj.openjdk.hotspot.jre.full.win32.x86_64_17.0.7.v20230425-1502\jre\bin\java.dll

dbghelp: loaded successfully - version: 4.0.5 - missing functions: none
symbol engine: initialized successfully - sym options: 0x614 - pdb path: .;C:\Users\USER\.p2\pool\plugins\org.eclipse.justj.openjdk.hotspot.jre.full.win32.x86_64_17.0.7.v20230425-1502\jre\bin;C:\Windows\SYSTEM32;C:\Windows\WinSxS\amd64_microsoft.windows.common-controls_6595b64144ccf1df_6.0.19041.1110_none_60b5254171f9507e;C:\Users\USER\.p2\pool\plugins\org.eclipse.justj.openjdk.hotspot.jre.full.win32.x86_64_17.0.7.v20230425-1502\jre\bin\server

VM Arguments:
jvm_args: -Dcom.sun.management.jmxremote -Dcom.sun.management.jmxremote.port=49181 -Dcom.sun.management.jmxremote.authenticate=false -Dcom.sun.management.jmxremote.ssl=false -Djava.rmi.server.hostname=localhost -Dspring.jmx.enabled=true -Dmanagement.endpoints.jmx.exposure.include=* -Dspring.application.admin.enabled=true -XX:TieredStopAtLevel=1 -Dspring.boot.project.name=PulLanner -Dfile.encoding=UTF-8 -XX:+ShowCodeDetailsInExceptionMessages 
java_command: com.multi.bbs.Application --spring.output.ansi.enabled=always
java_class_path (initial): C:\git\Pul-lannner\PulLanner\bin\main;C:\Users\USER\.gradle\caches\modules-2\files-2.1\org.projectlombok\lombok\1.18.28\a2ff5da8bcd8b1b26f36b806ced63213362c6dcc\lombok-1.18.28.jar;C:\Users\USER\.gradle\caches\modules-2\files-2.1\org.mybatis.spring.boot\mybatis-spring-boot-starter\3.0.2\ce77d2e35909ee4dc2d4371f18b7d2b937f2883e\mybatis-spring-boot-starter-3.0.2.jar;C:\Users\USER\.gradle\caches\modules-2\files-2.1\org.springframework.boot\spring-boot-starter-jdbc\3.1.1\8e6bdc511fc9ade17c09fcc20a0f6a44fa39a876\spring-boot-starter-jdbc-3.1.1.jar;C:\Users\USER\.gradle\caches\modules-2\files-2.1\org.springframework.boot\spring-boot-starter-security\3.1.1\f793cb8804e6f00916673a7754284dadc0b4502c\spring-boot-starter-security-3.1.1.jar;C:\Users\USER\.gradle\caches\modules-2\files-2.1\org.springframework.boot\spring-boot-starter-validation\3.1.1\3321fb7fe2df3d6a390c260c858462bc27e1dab7\spring-boot-starter-validation-3.1.1.jar;C:\Users\USER\.gradle\caches\modules-2\files-2.1\org.springframework.boot\spring-boot-starter-web\3.1.1\f2c2d9e35430e4b4a98ad91780bb9b2d1deec08\spring-boot-starter-web-3.1.1.jar;C:\Users\USER\.gradle\caches\modules-2\files-2.1\org.apache.tomcat.embed\tomcat-embed-jasper\10.1.10\ead0c076eee307b101d8895df9f079c0981352e7\tomcat-embed-jasper-10.1.10.jar;C:\Users\USER\.gradle\caches\modules-2\files-2.1\jakarta.servlet.jsp.jstl\jakarta.servlet.jsp.jstl-api\3.0.0\8ace30b09ce88dc6f19d4f59251cc83a23cc180a\jakarta.servlet.jsp.jstl-api-3.0.0.jar;C:\Users\USER\.gradle\caches\modules-2\files-2.1\jakarta.servlet\jakarta.servlet-api\6.0.0\abecc699286e65035ebba9844c03931357a6a963\jakarta.servlet-api-6.0.0.jar;C:\Users\USER\.gradle\caches\modules-2\files-2.1\org.glassfish.web\jakarta.servlet.jsp.jstl\3.0.1\78909a1354585b2a7a2d3b4e348fceff8b6d180\jakarta.servlet.jsp.jstl-3.0.1.jar;C:\Users\USER\.gradle\caches\modules-2\files-2.1\org.springframework.boot\spring-boot-starter-json\3.1.1\8dc99860536a6a858de6caaeb67f84d7af8a30a3\spring-boot-starter-
Launcher Type: SUN_STANDARD

[Global flags]
     intx CICompilerCount                          = 3                                         {product} {ergonomic}
     uint ConcGCThreads                            = 1                                         {product} {ergonomic}
     uint G1ConcRefinementThreads                  = 4                                         {product} {ergonomic}
   size_t G1HeapRegionSize                         = 2097152                                   {product} {ergonomic}
    uintx GCDrainStackTargetSize                   = 64                                        {product} {ergonomic}
   size_t InitialHeapSize                          = 268435456                                 {product} {ergonomic}
     bool ManagementServer                         = true                                      {product} {command line}
   size_t MarkStackSize                            = 4194304                                   {product} {ergonomic}
   size_t MaxHeapSize                              = 4284481536                                {product} {ergonomic}
   size_t MinHeapDeltaBytes                        = 2097152                                   {product} {ergonomic}
   size_t MinHeapSize                              = 8388608                                   {product} {ergonomic}
    uintx NonProfiledCodeHeapSize                  = 0                                      {pd product} {ergonomic}
     bool ProfileInterpreter                       = false                                  {pd product} {command line}
    uintx ProfiledCodeHeapSize                     = 0                                      {pd product} {ergonomic}
     bool ShowCodeDetailsInExceptionMessages       = true                                   {manageable} {command line}
   size_t SoftMaxHeapSize                          = 4284481536                             {manageable} {ergonomic}
     intx TieredStopAtLevel                        = 1                                         {product} {command line}
     bool UseCompressedClassPointers               = true                           {product lp64_product} {ergonomic}
     bool UseCompressedOops                        = true                           {product lp64_product} {ergonomic}
     bool UseG1GC                                  = true                                      {product} {ergonomic}
     bool UseLargePagesIndividualAllocation        = false                                  {pd product} {ergonomic}

Logging:
Log output configuration:
 #0: stdout all=warning uptime,level,tags
 #1: stderr all=off uptime,level,tags

Environment Variables:
PATH=C:/Users/USER/.p2/pool/plugins/org.eclipse.justj.openjdk.hotspot.jre.full.win32.x86_64_17.0.7.v20230425-1502/jre/bin/server;C:/Users/USER/.p2/pool/plugins/org.eclipse.justj.openjdk.hotspot.jre.full.win32.x86_64_17.0.7.v20230425-1502/jre/bin;C:\Program Files\Eclipse Adoptium\jdk-11.0.19.7-hotspot\bin;C:\Windows\system32;C:\Windows;C:\Windows\System32\Wbem;C:\Windows\System32\WindowsPowerShell\v1.0\;C:\Windows\System32\OpenSSH\;C:\Program Files\Bandizip\;C:\Program Files\nodejs\;C:\Program Files\MySQL\MySQL Shell 8.0\bin\;C:\Users\USER\AppData\Local\Microsoft\WindowsApps;;C:\Users\USER\AppData\Local\Programs\Microsoft VS Code\bin;C:\Users\USER\AppData\Roaming\npm;C:\dev\eclipse_spring\eclipse;
USERNAME=USER
OS=Windows_NT
PROCESSOR_IDENTIFIER=Intel64 Family 6 Model 94 Stepping 3, GenuineIntel
TMP=C:\Users\USER\AppData\Local\Temp
TEMP=C:\Users\USER\AppData\Local\Temp



---------------  S Y S T E M  ---------------

OS:
 Windows 10 , 64 bit Build 19041 (10.0.19041.3155)
OS uptime: 1 days 7:20 hours

CPU: total 4 (initial active 4) (4 cores per cpu, 1 threads per core) family 6 model 94 stepping 3 microcode 0xcc, cx8, cmov, fxsr, mmx, 3dnowpref, sse, sse2, sse3, ssse3, sse4.1, sse4.2, popcnt, lzcnt, tsc, tscinvbit, avx, avx2, aes, erms, clmul, bmi1, bmi2, rtm, adx, fma, vzeroupper, clflush, clflushopt

Memory: 4k page, system-wide physical 16340M (4986M free)
TotalPageFile size 16340M (AvailPageFile size 248M)
current process WorkingSet (physical memory assigned to process): 10M, peak: 10M
current process commit charge ("private bytes"): 46M, peak: 302M

vm_info: OpenJDK 64-Bit Server VM (17.0.7+7) for windows-amd64 JRE (17.0.7+7), built on Apr 18 2023 22:10:42 by "temurin" with MS VC++ 16.7 (VS2019)

END.
